#-----------------------------------------------------------
# Vivado v2018.2 (64-bit)
# SW Build 2258646 on Thu Jun 14 20:03:12 MDT 2018
# IP Build 2256618 on Thu Jun 14 22:10:49 MDT 2018
# Start of session at: Wed Dec  7 18:41:20 2022
# Process ID: 19148
# Current directory: C:/Users/37529/Desktop/project_dop
# Command line: vivado.exe -gui_launcher_event rodinguilauncherevent7788 C:\Users\37529\Desktop\project_dop\project_dop.xpr
# Log file: C:/Users/37529/Desktop/project_dop/vivado.log
# Journal file: C:/Users/37529/Desktop/project_dop\vivado.jou
#-----------------------------------------------------------
start_gui
open_project C:/Users/37529/Desktop/project_dop/project_dop.xpr
INFO: [Project 1-313] Project file moved from 'D:/7sem/DDS/project/project_dop' since last save.
Scanning sources...
Finished scanning sources
INFO: [IP_Flow 19-234] Refreshing IP repositories
INFO: [IP_Flow 19-1704] No user IP repositories specified
INFO: [IP_Flow 19-2313] Loaded Vivado IP repository 'D:/vivado/Vivado/2018.2/data/ip'.
open_project: Time (s): cpu = 00:00:21 ; elapsed = 00:00:35 . Memory (MB): peak = 851.883 ; gain = 167.461
update_compile_order -fileset sources_1
reset_run synth_1
launch_runs synth_1 -jobs 6
[Wed Dec  7 18:43:25 2022] Launched synth_1...
Run output will be captured here: C:/Users/37529/Desktop/project_dop/project_dop.runs/synth_1/runme.log
launch_runs impl_1 -jobs 6
[Wed Dec  7 18:45:42 2022] Launched impl_1...
Run output will be captured here: C:/Users/37529/Desktop/project_dop/project_dop.runs/impl_1/runme.log
launch_runs impl_1 -to_step write_bitstream -jobs 6
[Wed Dec  7 18:49:33 2022] Launched impl_1...
Run output will be captured here: C:/Users/37529/Desktop/project_dop/project_dop.runs/impl_1/runme.log
open_run impl_1
INFO: [Netlist 29-17] Analyzing 110 Unisim elements for replacement
INFO: [Netlist 29-28] Unisim Transformation completed in 0 CPU seconds
INFO: [Project 1-479] Netlist was created with Vivado 2018.2
INFO: [Device 21-403] Loading part xc7a100tcsg324-1
INFO: [Project 1-570] Preparing netlist for logic optimization
INFO: [Timing 38-478] Restoring timing data from binary archive.
INFO: [Timing 38-479] Binary timing data restore complete.
INFO: [Project 1-856] Restoring constraints from binary archive.
INFO: [Project 1-853] Binary constraint restore complete.
Reading XDEF placement.
Reading placer database...
Reading XDEF routing.
Read XDEF File: Time (s): cpu = 00:00:00 ; elapsed = 00:00:00.149 . Memory (MB): peak = 1713.246 ; gain = 0.000
Restored from archive | CPU: 0.000000 secs | Memory: 0.000000 MB |
Finished XDEF File Restore: Time (s): cpu = 00:00:00 ; elapsed = 00:00:00.149 . Memory (MB): peak = 1713.246 ; gain = 0.000
INFO: [Project 1-111] Unisim Transformation Summary:
  A total of 1 instances were transformed.
  IOBUF => IOBUF (IBUF, OBUFT): 1 instances

open_run: Time (s): cpu = 00:00:38 ; elapsed = 00:00:35 . Memory (MB): peak = 1823.031 ; gain = 926.520
place_ports TX B17
place_ports RX D4
place_ports TX C4
open_hw
save_constraints
reset_run impl_1
launch_runs impl_1 -jobs 6
[Wed Dec  7 18:54:48 2022] Launched impl_1...
Run output will be captured here: C:/Users/37529/Desktop/project_dop/project_dop.runs/impl_1/runme.log
reset_run impl_1
close_hw
open_hw
connect_hw_server
INFO: [Labtools 27-2285] Connecting to hw_server url TCP:localhost:3121
INFO: [Labtools 27-2222] Launching hw_server...
INFO: [Labtools 27-2221] Launch Output:

****** Xilinx hw_server v2018.2
  **** Build date : Jun 14 2018-20:42:52
    ** Copyright 1986-2018 Xilinx, Inc. All Rights Reserved.


open_hw_target
INFO: [Labtoolstcl 44-466] Opening hw_target localhost:3121/xilinx_tcf/Digilent/210274674570A
current_hw_device [get_hw_devices xc7a100t_0]
refresh_hw_device -update_hw_probes false [lindex [get_hw_devices xc7a100t_0] 0]
INFO: [Labtools 27-1435] Device xc7a100t (JTAG device index = 0) is not programmed (DONE status = 0).
launch_runs impl_1 -to_step write_bitstream -jobs 6
[Wed Dec  7 18:55:35 2022] Launched impl_1...
Run output will be captured here: C:/Users/37529/Desktop/project_dop/project_dop.runs/impl_1/runme.log
reset_run impl_1
WARNING: [Vivado 12-1017] Problems encountered:
1. PID not specified

launch_runs impl_1 -to_step write_bitstream -jobs 6
[Wed Dec  7 18:55:48 2022] Launched impl_1...
Run output will be captured here: C:/Users/37529/Desktop/project_dop/project_dop.runs/impl_1/runme.log
refresh_hw_device [lindex [get_hw_devices xc7a100t_0] 0]
INFO: [Labtools 27-1435] Device xc7a100t (JTAG device index = 0) is not programmed (DONE status = 0).
reset_run impl_1
launch_runs impl_1 -to_step write_bitstream -jobs 6
[Wed Dec  7 18:57:41 2022] Launched impl_1...
Run output will be captured here: C:/Users/37529/Desktop/project_dop/project_dop.runs/impl_1/runme.log
close_hw
exit
INFO: [Common 17-206] Exiting Vivado at Wed Dec  7 19:13:21 2022...
